app/build/intermediates/manifest_merge_blame_file/debug/manifest-merger-blame-debug-report.txt
1<?xml version="1.0" encoding="utf-8"?>
2<manifest xmlns:android="http://schemas.android.com/apk/res/android"
3    package="com.kinde.refreshtokenapp"
4    android:versionCode="1"
5    android:versionName="1.0" >
6
7    <uses-sdk
8        android:minSdkVersion="21"
8-->src/main/AndroidManifest.xml
9        android:targetSdkVersion="33" />
9-->src/main/AndroidManifest.xml
10
11    <uses-permission android:name="android.permission.INTERNET" />
11-->src/main/AndroidManifest.xml:4:5-67
11-->src/main/AndroidManifest.xml:4:22-64
12
13    <queries>
13-->[kinde-android-sdk-debug.aar] AndroidManifest.xml:12:5-20:15
14        <intent>
14-->[kinde-android-sdk-debug.aar] AndroidManifest.xml:13:9-19:18
15            <action android:name="android.intent.action.VIEW" />
15-->src/main/AndroidManifest.xml:34:17-69
15-->src/main/AndroidManifest.xml:34:25-66
16
17            <category android:name="android.intent.category.BROWSABLE" />
17-->src/main/AndroidManifest.xml:36:17-78
17-->src/main/AndroidManifest.xml:36:27-75
18
19            <data android:scheme="https" />
19-->src/main/AndroidManifest.xml:37:17-39:50
19-->src/main/AndroidManifest.xml:39:21-47
20        </intent>
21    </queries>
22
23    <permission
23-->[androidx.core:core:1.9.0] AndroidManifest.xml:22:5-24:47
24        android:name="com.kinde.refreshtokenapp.DYNAMIC_RECEIVER_NOT_EXPORTED_PERMISSION"
24-->[androidx.core:core:1.9.0] AndroidManifest.xml:23:9-81
25        android:protectionLevel="signature" />
25-->[androidx.core:core:1.9.0] AndroidManifest.xml:24:9-44
26
27    <uses-permission android:name="com.kinde.refreshtokenapp.DYNAMIC_RECEIVER_NOT_EXPORTED_PERMISSION" />
27-->[androidx.core:core:1.9.0] AndroidManifest.xml:26:5-97
27-->[androidx.core:core:1.9.0] AndroidManifest.xml:26:22-94
28
29    <application
29-->src/main/AndroidManifest.xml:6:5-42:19
30        android:allowBackup="true"
30-->src/main/AndroidManifest.xml:7:9-35
31        android:appComponentFactory="androidx.core.app.CoreComponentFactory"
31-->[androidx.core:core:1.9.0] AndroidManifest.xml:28:18-86
32        android:debuggable="true"
33        android:icon="@mipmap/ic_launcher"
33-->src/main/AndroidManifest.xml:8:9-43
34        android:label="@string/app_name"
34-->src/main/AndroidManifest.xml:9:9-41
35        android:supportsRtl="true"
35-->src/main/AndroidManifest.xml:10:9-35
36        android:theme="@style/Theme.RefreshTokenApp" >
36-->src/main/AndroidManifest.xml:11:9-53
37        <meta-data
37-->src/main/AndroidManifest.xml:13:9-15:47
38            android:name="au.kinde.domain"
38-->src/main/AndroidManifest.xml:14:13-43
39            android:value="koman.kinde.com" />
39-->src/main/AndroidManifest.xml:15:13-44
40        <meta-data
40-->src/main/AndroidManifest.xml:16:9-18:64
41            android:name="au.kinde.clientId"
41-->src/main/AndroidManifest.xml:17:13-45
42            android:value="e9fd8f12f583420c93fd027d842b1873" />
42-->src/main/AndroidManifest.xml:18:13-61
43
44        <activity
44-->src/main/AndroidManifest.xml:20:9-28:20
45            android:name="com.kinde.refreshtokenapp.MainActivity"
45-->src/main/AndroidManifest.xml:21:13-41
46            android:exported="true"
46-->src/main/AndroidManifest.xml:22:13-36
47            android:launchMode="singleTask" >
47-->src/main/AndroidManifest.xml:23:13-44
48            <intent-filter>
48-->src/main/AndroidManifest.xml:24:13-27:29
49                <action android:name="android.intent.action.MAIN" />
49-->src/main/AndroidManifest.xml:25:17-69
49-->src/main/AndroidManifest.xml:25:25-66
50
51                <category android:name="android.intent.category.LAUNCHER" />
51-->src/main/AndroidManifest.xml:26:17-77
51-->src/main/AndroidManifest.xml:26:27-74
52            </intent-filter>
53        </activity>
54        <activity
54-->src/main/AndroidManifest.xml:30:9-41:20
55            android:name="net.openid.appauth.RedirectUriReceiverActivity"
55-->src/main/AndroidManifest.xml:31:13-74
56            android:exported="true" >
56-->src/main/AndroidManifest.xml:32:13-36
57            <intent-filter>
57-->src/main/AndroidManifest.xml:33:13-40:29
58                <action android:name="android.intent.action.VIEW" />
58-->src/main/AndroidManifest.xml:34:17-69
58-->src/main/AndroidManifest.xml:34:25-66
59
60                <category android:name="android.intent.category.DEFAULT" />
60-->src/main/AndroidManifest.xml:35:17-76
60-->src/main/AndroidManifest.xml:35:27-73
61                <category android:name="android.intent.category.BROWSABLE" />
61-->src/main/AndroidManifest.xml:36:17-78
61-->src/main/AndroidManifest.xml:36:27-75
62
63                <data
63-->src/main/AndroidManifest.xml:37:17-39:50
64                    android:host="koman.kinde.com"
64-->src/main/AndroidManifest.xml:38:21-51
65                    android:scheme="kinde.sdk" />
65-->src/main/AndroidManifest.xml:39:21-47
66            </intent-filter>
67            <intent-filter>
67-->[kinde-android-sdk-debug.aar] AndroidManifest.xml:27:13-34:29
68                <action android:name="android.intent.action.VIEW" />
68-->src/main/AndroidManifest.xml:34:17-69
68-->src/main/AndroidManifest.xml:34:25-66
69
70                <category android:name="android.intent.category.DEFAULT" />
70-->src/main/AndroidManifest.xml:35:17-76
70-->src/main/AndroidManifest.xml:35:27-73
71                <category android:name="android.intent.category.BROWSABLE" />
71-->src/main/AndroidManifest.xml:36:17-78
71-->src/main/AndroidManifest.xml:36:27-75
72
73                <data android:scheme="kinde.sdk" />
73-->src/main/AndroidManifest.xml:37:17-39:50
73-->src/main/AndroidManifest.xml:39:21-47
74            </intent-filter>
75        </activity>
76        <activity
76-->[kinde-android-sdk-debug.aar] AndroidManifest.xml:36:9-41:77
77            android:name="net.openid.appauth.AuthorizationManagementActivity"
77-->[kinde-android-sdk-debug.aar] AndroidManifest.xml:37:13-78
78            android:configChanges="screenSize|smallestScreenSize|screenLayout|orientation|keyboard|keyboardHidden"
78-->[kinde-android-sdk-debug.aar] AndroidManifest.xml:38:13-115
79            android:exported="false"
79-->[kinde-android-sdk-debug.aar] AndroidManifest.xml:39:13-37
80            android:launchMode="singleTask"
80-->[kinde-android-sdk-debug.aar] AndroidManifest.xml:40:13-44
81            android:theme="@style/Theme.AppCompat.Translucent.NoTitleBar" />
81-->[kinde-android-sdk-debug.aar] AndroidManifest.xml:41:13-74
82
83        <provider
83-->[androidx.emoji2:emoji2:1.2.0] AndroidManifest.xml:24:9-32:20
84            android:name="androidx.startup.InitializationProvider"
84-->[androidx.emoji2:emoji2:1.2.0] AndroidManifest.xml:25:13-67
85            android:authorities="com.kinde.refreshtokenapp.androidx-startup"
85-->[androidx.emoji2:emoji2:1.2.0] AndroidManifest.xml:26:13-68
86            android:exported="false" >
86-->[androidx.emoji2:emoji2:1.2.0] AndroidManifest.xml:27:13-37
87            <meta-data
87-->[androidx.emoji2:emoji2:1.2.0] AndroidManifest.xml:29:13-31:52
88                android:name="androidx.emoji2.text.EmojiCompatInitializer"
88-->[androidx.emoji2:emoji2:1.2.0] AndroidManifest.xml:30:17-75
89                android:value="androidx.startup" />
89-->[androidx.emoji2:emoji2:1.2.0] AndroidManifest.xml:31:17-49
90            <meta-data
90-->[androidx.lifecycle:lifecycle-process:2.4.1] AndroidManifest.xml:31:13-33:52
91                android:name="androidx.lifecycle.ProcessLifecycleInitializer"
91-->[androidx.lifecycle:lifecycle-process:2.4.1] AndroidManifest.xml:32:17-78
92                android:value="androidx.startup" />
92-->[androidx.lifecycle:lifecycle-process:2.4.1] AndroidManifest.xml:33:17-49
93        </provider>
94    </application>
95
96</manifest>